<?xml version="1.0" encoding="UTF-8"?>
<!-- Generated by org.testng.reporters.JUnitReportReporter -->
<testsuite skipped="0" hostname="LAPTOP-ELMNKHJ9" name="com.inetbanking.testCases.TC_AddNewCustomer_003" tests="1" failures="0" timestamp="07 Sep 2020 17:23:28 GMT" time="18.084" errors="0">
  <testcase name="addNewCustomer" time="18.084" classname="com.inetbanking.testCases.TC_AddNewCustomer_003"/>
</testsuite> <!-- com.inetbanking.testCases.TC_AddNewCustomer_003 -->
