<?xml version="1.0" encoding="UTF-8"?>
<!-- Generated by org.testng.reporters.JUnitReportReporter -->
<testsuite skipped="0" hostname="LAPTOP-ELMNKHJ9" name="com.inetbanking.testCases.TC_LoginTest_001" tests="1" failures="0" timestamp="08 Sep 2020 15:12:24 GMT" time="4.043" errors="0">
  <testcase name="loginTest" time="4.043" classname="com.inetbanking.testCases.TC_LoginTest_001"/>
</testsuite> <!-- com.inetbanking.testCases.TC_LoginTest_001 -->
